<?xml version="1.0" encoding="UTF-8"?>
<!-- Generated by org.testng.reporters.JUnitReportReporter -->
<testsuite skipped="0" hostname="Victors-MacBook-Air.local" name="com.romanceabroad.ui.PrettyWomenTests" tests="7" failures="0" timestamp="2021-01-02T17:56:30 CST" time="328.787" errors="0">
  <testcase name="testPrettyWomenLink" time="14.062" classname="com.romanceabroad.ui.PrettyWomenTests"/>
  <system-out/>
  <testcase name="searchDifferentResults" time="91.486" classname="com.romanceabroad.ui.PrettyWomenTests"/>
  <system-out/>
  <testcase name="searchDifferentResults" time="89.383" classname="com.romanceabroad.ui.PrettyWomenTests"/>
  <system-out/>
  <testcase name="searchDifferentResults" time="16.779" classname="com.romanceabroad.ui.PrettyWomenTests"/>
  <system-out/>
  <testcase name="searchDifferentResults" time="88.990" classname="com.romanceabroad.ui.PrettyWomenTests"/>
  <system-out/>
  <testcase name="testSearchButtonTestCase3" time="10.917" classname="com.romanceabroad.ui.PrettyWomenTests"/>
  <system-out/>
  <testcase name="testThirdPageTestCase4" time="17.170" classname="com.romanceabroad.ui.PrettyWomenTests"/>
  <system-out/>
</testsuite> <!-- com.romanceabroad.ui.PrettyWomenTests -->
