<?xml version="1.0" encoding="UTF-8"?>
<!-- Generated by org.testng.reporters.JUnitReportReporter -->
<testsuite skipped="0" hostname="Victors-MacBook-Air.local" name="com.romanceabroad.ui.MainTests" tests="3" failures="0" timestamp="2021-01-02T17:56:30 CST" time="24.801" errors="0">
  <testcase name="testYoutubePlayButtonTestCase9" time="9.918" classname="com.romanceabroad.ui.MainTests"/>
  <system-out/>
  <testcase name="testCheckCountTitlesTestCase10" time="7.386" classname="com.romanceabroad.ui.MainTests"/>
  <system-out/>
  <testcase name="testCheckMainTitlesTestCase11" time="7.497" classname="com.romanceabroad.ui.MainTests"/>
  <system-out/>
</testsuite> <!-- com.romanceabroad.ui.MainTests -->
