<?xml version="1.0" encoding="UTF-8"?>
<!-- Generated by org.testng.reporters.JUnitReportReporter -->
<testsuite skipped="0" hostname="Victors-MacBook-Air.local" name="com.romanceabroad.ui.HowWeWorkTests" tests="3" failures="0" timestamp="2021-01-02T17:56:30 CST" time="30.089" errors="0">
  <testcase name="testHowWeWorkLink" time="9.706" classname="com.romanceabroad.ui.HowWeWorkTests"/>
  <system-out/>
  <testcase name="testMainTitleTestCase13" time="9.532" classname="com.romanceabroad.ui.HowWeWorkTests"/>
  <system-out/>
  <testcase name="testCountPagesContentTestCase14" time="10.851" classname="com.romanceabroad.ui.HowWeWorkTests"/>
  <system-out/>
</testsuite> <!-- com.romanceabroad.ui.HowWeWorkTests -->
