<?xml version="1.0" encoding="UTF-8"?>
<!-- Generated by org.testng.reporters.JUnitReportReporter -->
<testsuite skipped="0" hostname="Victors-MacBook-Air.local" name="com.romanceabroad.ui.HowWeWorkTests" tests="3" failures="0" timestamp="2021-01-04T15:04:06 CST" time="35.315" errors="0">
  <testcase name="testHowWeWorkLink" time="10.248" classname="com.romanceabroad.ui.HowWeWorkTests"/>
  <system-out/>
  <testcase name="testMainTitleTestCase13" time="12.551" classname="com.romanceabroad.ui.HowWeWorkTests"/>
  <system-out/>
  <testcase name="testCountPagesContentTestCase14" time="12.516" classname="com.romanceabroad.ui.HowWeWorkTests"/>
  <system-out/>
</testsuite> <!-- com.romanceabroad.ui.HowWeWorkTests -->
