<?xml version="1.0" encoding="UTF-8"?>
<!-- Generated by org.testng.reporters.JUnitReportReporter -->
<testsuite skipped="0" hostname="Victors-MacBook-Air.local" name="com.romanceabroad.ui.ContactUsTests" tests="1" failures="0" timestamp="2021-01-04T15:04:06 CST" time="15.691" errors="0">
  <testcase name="testFillInContactUsPage" time="15.691" classname="com.romanceabroad.ui.ContactUsTests"/>
  <system-out/>
</testsuite> <!-- com.romanceabroad.ui.ContactUsTests -->
