<?xml version="1.0" encoding="UTF-8"?>
<!-- Generated by org.testng.reporters.JUnitReportReporter -->
<testsuite skipped="0" hostname="Victors-MacBook-Air.local" name="com.romanceabroad.ui.RegistrationTests" tests="4" failures="0" timestamp="2021-01-04T15:04:06 CST" time="39.476" errors="0">
  <testcase name="testFillInformationRegistrationPage" time="9.587" classname="com.romanceabroad.ui.RegistrationTests"/>
  <system-out/>
  <testcase name="testFillInformationRegistrationPage" time="10.804" classname="com.romanceabroad.ui.RegistrationTests"/>
  <system-out/>
  <testcase name="testFillInformationRegistrationPage" time="7.080" classname="com.romanceabroad.ui.RegistrationTests"/>
  <system-out/>
  <testcase name="testFillInformationRegistrationPage" time="12.005" classname="com.romanceabroad.ui.RegistrationTests"/>
  <system-out/>
</testsuite> <!-- com.romanceabroad.ui.RegistrationTests -->
