<?xml version="1.0" encoding="UTF-8"?>
<!-- Generated by org.testng.reporters.JUnitReportReporter -->
<testsuite skipped="0" hostname="Victors-MacBook-Air.local" name="com.romanceabroad.ui.PrettyWomenTests" tests="7" failures="0" timestamp="2021-01-04T15:04:06 CST" time="263.975" errors="0">
  <testcase name="testPrettyWomenLink" time="14.034" classname="com.romanceabroad.ui.PrettyWomenTests"/>
  <system-out/>
  <testcase name="searchDifferentResults" time="91.371" classname="com.romanceabroad.ui.PrettyWomenTests"/>
  <system-out/>
  <testcase name="searchDifferentResults" time="19.922" classname="com.romanceabroad.ui.PrettyWomenTests"/>
  <system-out/>
  <testcase name="searchDifferentResults" time="91.850" classname="com.romanceabroad.ui.PrettyWomenTests"/>
  <system-out/>
  <testcase name="searchDifferentResults" time="16.454" classname="com.romanceabroad.ui.PrettyWomenTests"/>
  <system-out/>
  <testcase name="testSearchButtonTestCase3" time="13.929" classname="com.romanceabroad.ui.PrettyWomenTests"/>
  <system-out/>
  <testcase name="testThirdPageTestCase4" time="16.415" classname="com.romanceabroad.ui.PrettyWomenTests"/>
  <system-out/>
</testsuite> <!-- com.romanceabroad.ui.PrettyWomenTests -->
