<?xml version="1.0" encoding="UTF-8"?>
<!-- Generated by org.testng.reporters.JUnitReportReporter -->
<testsuite skipped="0" hostname="Victors-MacBook-Air.local" name="com.romanceabroad.ui.SignInTests" tests="2" failures="0" timestamp="2021-01-04T15:04:06 CST" time="16.542" errors="0">
  <testcase name="testSignInFillInLoginPassword" time="8.571" classname="com.romanceabroad.ui.SignInTests"/>
  <system-out/>
  <testcase name="testSignInFillInLoginPassword" time="7.971" classname="com.romanceabroad.ui.SignInTests"/>
  <system-out/>
</testsuite> <!-- com.romanceabroad.ui.SignInTests -->
