<?xml version="1.0" encoding="UTF-8"?>
<!-- Generated by org.testng.reporters.JUnitReportReporter -->
<testsuite skipped="0" hostname="Victors-MacBook-Air.local" name="com.romanceabroad.ui.PrettyWomenTests" tests="7" failures="0" timestamp="2021-01-07T11:34:49 CST" time="324.531" errors="0">
  <testcase name="testPrettyWomenLink" time="19.966" classname="com.romanceabroad.ui.PrettyWomenTests"/>
  <system-out/>
  <testcase name="searchDifferentResults" time="106.560" classname="com.romanceabroad.ui.PrettyWomenTests"/>
  <system-out/>
  <testcase name="searchDifferentResults" time="26.840" classname="com.romanceabroad.ui.PrettyWomenTests"/>
  <system-out/>
  <testcase name="searchDifferentResults" time="113.033" classname="com.romanceabroad.ui.PrettyWomenTests"/>
  <system-out/>
  <testcase name="searchDifferentResults" time="22.654" classname="com.romanceabroad.ui.PrettyWomenTests"/>
  <system-out/>
  <testcase name="testSearchButtonTestCase3" time="17.412" classname="com.romanceabroad.ui.PrettyWomenTests"/>
  <system-out/>
  <testcase name="testThirdPageTestCase4" time="18.066" classname="com.romanceabroad.ui.PrettyWomenTests"/>
  <system-out/>
</testsuite> <!-- com.romanceabroad.ui.PrettyWomenTests -->
