<?xml version="1.0" encoding="UTF-8"?>
<!-- Generated by org.testng.reporters.JUnitReportReporter -->
<testsuite skipped="0" hostname="Victors-MacBook-Air.local" name="com.romanceabroad.ui.BlogTests" tests="1" failures="0" timestamp="2021-01-07T11:34:39 CST" time="151.147" errors="0">
  <testcase name="testBlogLink" time="151.147" classname="com.romanceabroad.ui.BlogTests"/>
  <system-out/>
</testsuite> <!-- com.romanceabroad.ui.BlogTests -->
