<?xml version="1.0" encoding="UTF-8"?>
<!-- Generated by org.testng.reporters.JUnitReportReporter -->
<testsuite skipped="0" hostname="Victors-MacBook-Air.local" name="com.romanceabroad.ui.PhotosTests" tests="3" failures="0" timestamp="2021-01-07T11:35:19 CST" time="45.463" errors="0">
  <testcase name="testPhotosLink" time="11.615" classname="com.romanceabroad.ui.PhotosTests"/>
  <system-out/>
  <testcase name="testClickButtonAddPhoto" time="19.905" classname="com.romanceabroad.ui.PhotosTests"/>
  <system-out/>
  <testcase name="testTabs" time="13.943" classname="com.romanceabroad.ui.PhotosTests"/>
  <system-out/>
</testsuite> <!-- com.romanceabroad.ui.PhotosTests -->
