<?xml version="1.0" encoding="UTF-8"?>
<!-- Generated by org.testng.reporters.JUnitReportReporter -->
<testsuite skipped="0" hostname="Victors-MacBook-Air.local" name="com.romanceabroad.ui.TourToUkraineTests" tests="1" failures="0" timestamp="2021-01-07T11:35:04 CST" time="16.706" errors="0">
  <testcase name="testTourToUkraineLink" time="16.706" classname="com.romanceabroad.ui.TourToUkraineTests"/>
  <system-out/>
</testsuite> <!-- com.romanceabroad.ui.TourToUkraineTests -->
