<?xml version="1.0" encoding="UTF-8"?>
<!-- Generated by org.testng.reporters.JUnitReportReporter -->
<testsuite skipped="0" hostname="Victors-MacBook-Air.local" name="com.romanceabroad.ui.HowWeWorkTests" tests="3" failures="0" timestamp="2021-01-07T11:34:54 CST" time="47.296" errors="0">
  <testcase name="testHowWeWorkLink" time="12.150" classname="com.romanceabroad.ui.HowWeWorkTests"/>
  <system-out/>
  <testcase name="testMainTitleTestCase13" time="16.362" classname="com.romanceabroad.ui.HowWeWorkTests"/>
  <system-out/>
  <testcase name="testCountPagesContentTestCase14" time="18.784" classname="com.romanceabroad.ui.HowWeWorkTests"/>
  <system-out/>
</testsuite> <!-- com.romanceabroad.ui.HowWeWorkTests -->
