<?xml version="1.0" encoding="UTF-8"?>
<!-- Generated by org.testng.reporters.JUnitReportReporter -->
<testsuite skipped="0" hostname="Victors-MacBook-Air.local" name="com.romanceabroad.ui.RegistrationTests" tests="4" failures="0" timestamp="2021-01-04T15:18:09 CST" time="40.937" errors="0">
  <testcase name="testFillInformationRegistrationPage" time="7.705" classname="com.romanceabroad.ui.RegistrationTests"/>
  <system-out/>
  <testcase name="testFillInformationRegistrationPage" time="12.244" classname="com.romanceabroad.ui.RegistrationTests"/>
  <system-out/>
  <testcase name="testFillInformationRegistrationPage" time="10.342" classname="com.romanceabroad.ui.RegistrationTests"/>
  <system-out/>
  <testcase name="testFillInformationRegistrationPage" time="10.646" classname="com.romanceabroad.ui.RegistrationTests"/>
  <system-out/>
</testsuite> <!-- com.romanceabroad.ui.RegistrationTests -->
