<?xml version="1.0" encoding="UTF-8"?>
<!-- Generated by org.testng.reporters.JUnitReportReporter -->
<testsuite skipped="0" hostname="Victors-MacBook-Air.local" name="com.romanceabroad.ui.SignInTests" tests="2" failures="0" timestamp="2021-01-04T15:18:09 CST" time="17.879" errors="0">
  <testcase name="testSignInFillInLoginPassword" time="9.339" classname="com.romanceabroad.ui.SignInTests"/>
  <system-out/>
  <testcase name="testSignInFillInLoginPassword" time="8.540" classname="com.romanceabroad.ui.SignInTests"/>
  <system-out/>
</testsuite> <!-- com.romanceabroad.ui.SignInTests -->
