<?xml version="1.0" encoding="UTF-8"?>
<!-- Generated by org.testng.reporters.JUnitReportReporter -->
<testsuite skipped="0" hostname="Victors-MacBook-Air.local" name="com.romanceabroad.ui.GiftsTests" tests="1" failures="0" timestamp="2021-01-04T15:18:09 CST" time="12.208" errors="0">
  <testcase name="testGiftsLink" time="12.208" classname="com.romanceabroad.ui.GiftsTests"/>
  <system-out/>
</testsuite> <!-- com.romanceabroad.ui.GiftsTests -->
