<?xml version="1.0" encoding="UTF-8"?>
<!-- Generated by org.testng.reporters.JUnitReportReporter -->
<testsuite skipped="0" hostname="Victors-MacBook-Air.local" name="com.romanceabroad.ui.MainTests" tests="3" failures="0" timestamp="2021-01-04T15:18:09 CST" time="34.222" errors="0">
  <testcase name="testYoutubePlayButtonTestCase9" time="11.561" classname="com.romanceabroad.ui.MainTests"/>
  <system-out/>
  <testcase name="testCheckCountTitlesTestCase10" time="10.504" classname="com.romanceabroad.ui.MainTests"/>
  <system-out/>
  <testcase name="testCheckMainTitlesTestCase11" time="12.157" classname="com.romanceabroad.ui.MainTests"/>
  <system-out/>
</testsuite> <!-- com.romanceabroad.ui.MainTests -->
