<?xml version="1.0" encoding="UTF-8"?>
<!-- Generated by org.testng.reporters.JUnitReportReporter -->
<testsuite skipped="0" hostname="Victors-MacBook-Air.local" name="com.romanceabroad.ui.PrettyWomenTests" tests="7" failures="0" timestamp="2021-01-04T15:18:09 CST" time="255.702" errors="0">
  <testcase name="testPrettyWomenLink" time="10.870" classname="com.romanceabroad.ui.PrettyWomenTests"/>
  <system-out/>
  <testcase name="searchDifferentResults" time="94.615" classname="com.romanceabroad.ui.PrettyWomenTests"/>
  <system-out/>
  <testcase name="searchDifferentResults" time="18.725" classname="com.romanceabroad.ui.PrettyWomenTests"/>
  <system-out/>
  <testcase name="searchDifferentResults" time="16.767" classname="com.romanceabroad.ui.PrettyWomenTests"/>
  <system-out/>
  <testcase name="searchDifferentResults" time="90.781" classname="com.romanceabroad.ui.PrettyWomenTests"/>
  <system-out/>
  <testcase name="testSearchButtonTestCase3" time="11.430" classname="com.romanceabroad.ui.PrettyWomenTests"/>
  <system-out/>
  <testcase name="testThirdPageTestCase4" time="12.514" classname="com.romanceabroad.ui.PrettyWomenTests"/>
  <system-out/>
</testsuite> <!-- com.romanceabroad.ui.PrettyWomenTests -->
