<?xml version="1.0" encoding="UTF-8"?>
<!-- Generated by org.testng.reporters.JUnitReportReporter -->
<testsuite skipped="0" hostname="Victors-MacBook-Air.local" name="com.romanceabroad.ui.PhotosTests" tests="3" failures="0" timestamp="2021-01-03T17:21:30 CST" time="33.227" errors="0">
  <testcase name="testPhotosLink" time="12.383" classname="com.romanceabroad.ui.PhotosTests"/>
  <system-out/>
  <testcase name="testClickButtonAddPhoto" time="11.106" classname="com.romanceabroad.ui.PhotosTests"/>
  <system-out/>
  <testcase name="testTabs" time="9.738" classname="com.romanceabroad.ui.PhotosTests"/>
  <system-out/>
</testsuite> <!-- com.romanceabroad.ui.PhotosTests -->
