<?xml version="1.0" encoding="UTF-8"?>
<!-- Generated by org.testng.reporters.JUnitReportReporter -->
<testsuite skipped="0" hostname="Victors-MacBook-Air.local" name="com.romanceabroad.ui.HowWeWorkTests" tests="3" failures="0" timestamp="2021-01-03T17:21:30 CST" time="28.772" errors="0">
  <testcase name="testHowWeWorkLink" time="9.249" classname="com.romanceabroad.ui.HowWeWorkTests"/>
  <system-out/>
  <testcase name="testMainTitleTestCase13" time="9.770" classname="com.romanceabroad.ui.HowWeWorkTests"/>
  <system-out/>
  <testcase name="testCountPagesContentTestCase14" time="9.753" classname="com.romanceabroad.ui.HowWeWorkTests"/>
  <system-out/>
</testsuite> <!-- com.romanceabroad.ui.HowWeWorkTests -->
