<?xml version="1.0" encoding="UTF-8"?>
<!-- Generated by org.testng.reporters.JUnitReportReporter -->
<testsuite skipped="0" hostname="Victors-MacBook-Air.local" name="com.romanceabroad.ui.RegistrationTests" tests="4" failures="0" timestamp="2021-01-03T17:21:30 CST" time="51.583" errors="0">
  <testcase name="testFillInformationRegistrationPage" time="16.844" classname="com.romanceabroad.ui.RegistrationTests"/>
  <system-out/>
  <testcase name="testFillInformationRegistrationPage" time="10.896" classname="com.romanceabroad.ui.RegistrationTests"/>
  <system-out/>
  <testcase name="testFillInformationRegistrationPage" time="13.134" classname="com.romanceabroad.ui.RegistrationTests"/>
  <system-out/>
  <testcase name="testFillInformationRegistrationPage" time="10.709" classname="com.romanceabroad.ui.RegistrationTests"/>
  <system-out/>
</testsuite> <!-- com.romanceabroad.ui.RegistrationTests -->
