<?xml version="1.0" encoding="UTF-8"?>
<!-- Generated by org.testng.reporters.JUnitReportReporter -->
<testsuite skipped="0" hostname="Victors-MacBook-Air.local" name="com.romanceabroad.ui.PhotosTests" tests="3" failures="0" timestamp="2021-01-02T16:36:04 CST" time="31.249" errors="0">
  <testcase name="testPhotosLink" time="10.931" classname="com.romanceabroad.ui.PhotosTests"/>
  <system-out/>
  <testcase name="testClickButtonAddPhoto" time="10.915" classname="com.romanceabroad.ui.PhotosTests"/>
  <system-out/>
  <testcase name="testTabs" time="9.403" classname="com.romanceabroad.ui.PhotosTests"/>
  <system-out/>
</testsuite> <!-- com.romanceabroad.ui.PhotosTests -->
