<?xml version="1.0" encoding="UTF-8"?>
<!-- Generated by org.testng.reporters.JUnitReportReporter -->
<testsuite skipped="0" hostname="Victors-MacBook-Air.local" name="com.romanceabroad.ui.HowWeWorkTests" tests="3" failures="0" timestamp="2021-01-02T16:36:04 CST" time="27.422" errors="0">
  <testcase name="testHowWeWorkLink" time="8.192" classname="com.romanceabroad.ui.HowWeWorkTests"/>
  <system-out/>
  <testcase name="testMainTitleTestCase13" time="9.806" classname="com.romanceabroad.ui.HowWeWorkTests"/>
  <system-out/>
  <testcase name="testCountPagesContentTestCase14" time="9.424" classname="com.romanceabroad.ui.HowWeWorkTests"/>
  <system-out/>
</testsuite> <!-- com.romanceabroad.ui.HowWeWorkTests -->
