<?xml version="1.0" encoding="UTF-8"?>
<!-- Generated by org.testng.reporters.JUnitReportReporter -->
<testsuite skipped="0" hostname="Victors-MacBook-Air.local" name="com.romanceabroad.ui.PrettyWomenTests" tests="7" failures="0" timestamp="2021-01-02T16:36:04 CST" time="261.460" errors="0">
  <testcase name="testPrettyWomenLink" time="14.559" classname="com.romanceabroad.ui.PrettyWomenTests"/>
  <system-out/>
  <testcase name="searchDifferentResults" time="16.683" classname="com.romanceabroad.ui.PrettyWomenTests"/>
  <system-out/>
  <testcase name="searchDifferentResults" time="91.044" classname="com.romanceabroad.ui.PrettyWomenTests"/>
  <system-out/>
  <testcase name="searchDifferentResults" time="89.482" classname="com.romanceabroad.ui.PrettyWomenTests"/>
  <system-out/>
  <testcase name="searchDifferentResults" time="19.534" classname="com.romanceabroad.ui.PrettyWomenTests"/>
  <system-out/>
  <testcase name="testSearchButtonTestCase3" time="13.470" classname="com.romanceabroad.ui.PrettyWomenTests"/>
  <system-out/>
  <testcase name="testThirdPageTestCase4" time="16.688" classname="com.romanceabroad.ui.PrettyWomenTests"/>
  <system-out/>
</testsuite> <!-- com.romanceabroad.ui.PrettyWomenTests -->
