<?xml version="1.0" encoding="UTF-8"?>
<!-- Generated by org.testng.reporters.JUnitReportReporter -->
<testsuite skipped="0" hostname="Victors-MacBook-Air.local" name="com.romanceabroad.ui.RegistrationTests" tests="4" failures="0" timestamp="2021-01-02T16:36:04 CST" time="43.245" errors="0">
  <testcase name="testFillInformationRegistrationPage" time="9.983" classname="com.romanceabroad.ui.RegistrationTests"/>
  <system-out/>
  <testcase name="testFillInformationRegistrationPage" time="6.695" classname="com.romanceabroad.ui.RegistrationTests"/>
  <system-out/>
  <testcase name="testFillInformationRegistrationPage" time="11.409" classname="com.romanceabroad.ui.RegistrationTests"/>
  <system-out/>
  <testcase name="testFillInformationRegistrationPage" time="15.158" classname="com.romanceabroad.ui.RegistrationTests"/>
  <system-out/>
</testsuite> <!-- com.romanceabroad.ui.RegistrationTests -->
