<?xml version="1.0" encoding="UTF-8"?>
<!-- Generated by org.testng.reporters.JUnitReportReporter -->
<testsuite skipped="0" hostname="Victors-MacBook-Air.local" name="com.romanceabroad.ui.ContactUsTests" tests="1" failures="0" timestamp="2021-01-02T16:36:04 CST" time="16.089" errors="0">
  <testcase name="testFillInContactUsPage" time="16.089" classname="com.romanceabroad.ui.ContactUsTests"/>
  <system-out/>
</testsuite> <!-- com.romanceabroad.ui.ContactUsTests -->
