<?xml version="1.0" encoding="UTF-8"?>
<testsuite xmlns:xsi="http://www.w3.org/2001/XMLSchema-instance" xsi:noNamespaceSchemaLocation="https://maven.apache.org/surefire/maven-surefire-plugin/xsd/surefire-test-report-3.0.xsd" version="3.0" name="TestSuite" time="601.663" tests="26" errors="0" skipped="0" failures="1">
  <properties>
    <property name="gopherProxySet" value="false"/>
    <property name="awt.toolkit" value="sun.lwawt.macosx.LWCToolkit"/>
    <property name="java.specification.version" value="1.8"/>
    <property name="file.encoding.pkg" value="sun.io"/>
    <property name="webdriver.chrome.driver" value="chromedriver"/>
    <property name="sun.cpu.isalist" value=""/>
    <property name="sun.jnu.encoding" value="UTF-8"/>
    <property name="java.class.path" value="/Users/victorshokurov/Desktop/GitHub/romanceabroad/target/test-classes:/Users/victorshokurov/Desktop/GitHub/romanceabroad/target/classes:/Users/victorshokurov/.m2/repository/org/seleniumhq/selenium/selenium-java/3.141.59/selenium-java-3.141.59.jar:/Users/victorshokurov/.m2/repository/org/seleniumhq/selenium/selenium-api/3.141.59/selenium-api-3.141.59.jar:/Users/victorshokurov/.m2/repository/org/seleniumhq/selenium/selenium-chrome-driver/3.141.59/selenium-chrome-driver-3.141.59.jar:/Users/victorshokurov/.m2/repository/org/seleniumhq/selenium/selenium-edge-driver/3.141.59/selenium-edge-driver-3.141.59.jar:/Users/victorshokurov/.m2/repository/org/seleniumhq/selenium/selenium-firefox-driver/3.141.59/selenium-firefox-driver-3.141.59.jar:/Users/victorshokurov/.m2/repository/org/seleniumhq/selenium/selenium-ie-driver/3.141.59/selenium-ie-driver-3.141.59.jar:/Users/victorshokurov/.m2/repository/org/seleniumhq/selenium/selenium-opera-driver/3.141.59/selenium-opera-driver-3.141.59.jar:/Users/victorshokurov/.m2/repository/org/seleniumhq/selenium/selenium-remote-driver/3.141.59/selenium-remote-driver-3.141.59.jar:/Users/victorshokurov/.m2/repository/org/seleniumhq/selenium/selenium-safari-driver/3.141.59/selenium-safari-driver-3.141.59.jar:/Users/victorshokurov/.m2/repository/org/seleniumhq/selenium/selenium-support/3.141.59/selenium-support-3.141.59.jar:/Users/victorshokurov/.m2/repository/net/bytebuddy/byte-buddy/1.8.15/byte-buddy-1.8.15.jar:/Users/victorshokurov/.m2/repository/org/apache/commons/commons-exec/1.3/commons-exec-1.3.jar:/Users/victorshokurov/.m2/repository/com/google/guava/guava/25.0-jre/guava-25.0-jre.jar:/Users/victorshokurov/.m2/repository/com/google/code/findbugs/jsr305/1.3.9/jsr305-1.3.9.jar:/Users/victorshokurov/.m2/repository/org/checkerframework/checker-compat-qual/2.0.0/checker-compat-qual-2.0.0.jar:/Users/victorshokurov/.m2/repository/com/google/errorprone/error_prone_annotations/2.1.3/error_prone_annotations-2.1.3.jar:/Users/victorshokurov/.m2/repository/com/google/j2objc/j2objc-annotations/1.1/j2objc-annotations-1.1.jar:/Users/victorshokurov/.m2/repository/org/codehaus/mojo/animal-sniffer-annotations/1.14/animal-sniffer-annotations-1.14.jar:/Users/victorshokurov/.m2/repository/com/squareup/okhttp3/okhttp/3.11.0/okhttp-3.11.0.jar:/Users/victorshokurov/.m2/repository/com/squareup/okio/okio/1.14.0/okio-1.14.0.jar:/Users/victorshokurov/.m2/repository/org/testng/testng/7.1.0/testng-7.1.0.jar:/Users/victorshokurov/.m2/repository/com/beust/jcommander/1.72/jcommander-1.72.jar:/Users/victorshokurov/.m2/repository/com/google/inject/guice/4.1.0/guice-4.1.0-no_aop.jar:/Users/victorshokurov/.m2/repository/javax/inject/javax.inject/1/javax.inject-1.jar:/Users/victorshokurov/.m2/repository/aopalliance/aopalliance/1.0/aopalliance-1.0.jar:/Users/victorshokurov/.m2/repository/org/yaml/snakeyaml/1.21/snakeyaml-1.21.jar:/Users/victorshokurov/.m2/repository/com/aventstack/extentreports/3.1.5/extentreports-3.1.5.jar:/Users/victorshokurov/.m2/repository/org/freemarker/freemarker/2.3.23/freemarker-2.3.23.jar:/Users/victorshokurov/.m2/repository/org/mongodb/mongodb-driver/3.3.0/mongodb-driver-3.3.0.jar:/Users/victorshokurov/.m2/repository/org/mongodb/bson/3.3.0/bson-3.3.0.jar:/Users/victorshokurov/.m2/repository/org/mongodb/mongodb-driver-core/3.3.0/mongodb-driver-core-3.3.0.jar:/Users/victorshokurov/.m2/repository/org/apache/httpcomponents/httpclient/4.5.2/httpclient-4.5.2.jar:/Users/victorshokurov/.m2/repository/org/apache/httpcomponents/httpcore/4.4.4/httpcore-4.4.4.jar:/Users/victorshokurov/.m2/repository/commons-logging/commons-logging/1.2/commons-logging-1.2.jar:/Users/victorshokurov/.m2/repository/commons-codec/commons-codec/1.9/commons-codec-1.9.jar:/Users/victorshokurov/.m2/repository/org/apache/httpcomponents/httpmime/4.5.2/httpmime-4.5.2.jar:/Users/victorshokurov/.m2/repository/org/jsoup/jsoup/1.9.2/jsoup-1.9.2.jar:/Users/victorshokurov/.m2/repository/com/google/code/gson/gson/2.8.0/gson-2.8.0.jar:/Users/victorshokurov/.m2/repository/com/automation-remarks/video-recorder-testng/1.0/video-recorder-testng-1.0.jar:/Users/victorshokurov/.m2/repository/com/automation-remarks/video-recorder-core/1.0/video-recorder-core-1.0.jar:/Users/victorshokurov/.m2/repository/ru/yandex/qatools/allure/allure-java-annotations/1.4.23/allure-java-annotations-1.4.23.jar:/Users/victorshokurov/.m2/repository/ru/yandex/qatools/allure/allure-model/1.4.23/allure-model-1.4.23.jar:/Users/victorshokurov/.m2/repository/org/jvnet/jaxb2_commons/jaxb2-basics-runtime/0.9.3/jaxb2-basics-runtime-0.9.3.jar:/Users/victorshokurov/.m2/repository/ru/yandex/qatools/properties/properties-loader/1.5/properties-loader-1.5.jar:/Users/victorshokurov/.m2/repository/commons-beanutils/commons-beanutils-core/1.8.3/commons-beanutils-core-1.8.3.jar:/Users/victorshokurov/.m2/repository/org/slf4j/slf4j-api/1.7.12/slf4j-api-1.7.12.jar:"/>
    <property name="sun.awt.enableExtraMouseButtons" value="true"/>
    <property name="java.vm.vendor" value="Oracle Corporation"/>
    <property name="sun.arch.data.model" value="64"/>
    <property name="sun.font.fontmanager" value="sun.font.CFontManager"/>
    <property name="java.vendor.url" value="http://java.oracle.com/"/>
    <property name="user.timezone" value="America/Chicago"/>
    <property name="user.country.format" value="US"/>
    <property name="java.vm.specification.version" value="1.8"/>
    <property name="os.name" value="Mac OS X"/>
    <property name="user.country" value="GB"/>
    <property name="sun.java.launcher" value="SUN_STANDARD"/>
    <property name="sun.boot.library.path" value="/Library/Java/JavaVirtualMachines/jdk1.8.0_271.jdk/Contents/Home/jre/lib"/>
    <property name="sun.java.command" value="/Users/victorshokurov/Desktop/GitHub/romanceabroad/target/surefire/surefirebooter2849175239616450589.jar /Users/victorshokurov/Desktop/GitHub/romanceabroad/target/surefire 2021-01-04T15-08-06_204-jvmRun1 surefire339230767213950816tmp surefire_03861968813775695464tmp"/>
    <property name="http.nonProxyHosts" value="local|*.local|169.254/16|*.169.254/16"/>
    <property name="surefire.test.class.path" value="/Users/victorshokurov/Desktop/GitHub/romanceabroad/target/test-classes:/Users/victorshokurov/Desktop/GitHub/romanceabroad/target/classes:/Users/victorshokurov/.m2/repository/org/seleniumhq/selenium/selenium-java/3.141.59/selenium-java-3.141.59.jar:/Users/victorshokurov/.m2/repository/org/seleniumhq/selenium/selenium-api/3.141.59/selenium-api-3.141.59.jar:/Users/victorshokurov/.m2/repository/org/seleniumhq/selenium/selenium-chrome-driver/3.141.59/selenium-chrome-driver-3.141.59.jar:/Users/victorshokurov/.m2/repository/org/seleniumhq/selenium/selenium-edge-driver/3.141.59/selenium-edge-driver-3.141.59.jar:/Users/victorshokurov/.m2/repository/org/seleniumhq/selenium/selenium-firefox-driver/3.141.59/selenium-firefox-driver-3.141.59.jar:/Users/victorshokurov/.m2/repository/org/seleniumhq/selenium/selenium-ie-driver/3.141.59/selenium-ie-driver-3.141.59.jar:/Users/victorshokurov/.m2/repository/org/seleniumhq/selenium/selenium-opera-driver/3.141.59/selenium-opera-driver-3.141.59.jar:/Users/victorshokurov/.m2/repository/org/seleniumhq/selenium/selenium-remote-driver/3.141.59/selenium-remote-driver-3.141.59.jar:/Users/victorshokurov/.m2/repository/org/seleniumhq/selenium/selenium-safari-driver/3.141.59/selenium-safari-driver-3.141.59.jar:/Users/victorshokurov/.m2/repository/org/seleniumhq/selenium/selenium-support/3.141.59/selenium-support-3.141.59.jar:/Users/victorshokurov/.m2/repository/net/bytebuddy/byte-buddy/1.8.15/byte-buddy-1.8.15.jar:/Users/victorshokurov/.m2/repository/org/apache/commons/commons-exec/1.3/commons-exec-1.3.jar:/Users/victorshokurov/.m2/repository/com/google/guava/guava/25.0-jre/guava-25.0-jre.jar:/Users/victorshokurov/.m2/repository/com/google/code/findbugs/jsr305/1.3.9/jsr305-1.3.9.jar:/Users/victorshokurov/.m2/repository/org/checkerframework/checker-compat-qual/2.0.0/checker-compat-qual-2.0.0.jar:/Users/victorshokurov/.m2/repository/com/google/errorprone/error_prone_annotations/2.1.3/error_prone_annotations-2.1.3.jar:/Users/victorshokurov/.m2/repository/com/google/j2objc/j2objc-annotations/1.1/j2objc-annotations-1.1.jar:/Users/victorshokurov/.m2/repository/org/codehaus/mojo/animal-sniffer-annotations/1.14/animal-sniffer-annotations-1.14.jar:/Users/victorshokurov/.m2/repository/com/squareup/okhttp3/okhttp/3.11.0/okhttp-3.11.0.jar:/Users/victorshokurov/.m2/repository/com/squareup/okio/okio/1.14.0/okio-1.14.0.jar:/Users/victorshokurov/.m2/repository/org/testng/testng/7.1.0/testng-7.1.0.jar:/Users/victorshokurov/.m2/repository/com/beust/jcommander/1.72/jcommander-1.72.jar:/Users/victorshokurov/.m2/repository/com/google/inject/guice/4.1.0/guice-4.1.0-no_aop.jar:/Users/victorshokurov/.m2/repository/javax/inject/javax.inject/1/javax.inject-1.jar:/Users/victorshokurov/.m2/repository/aopalliance/aopalliance/1.0/aopalliance-1.0.jar:/Users/victorshokurov/.m2/repository/org/yaml/snakeyaml/1.21/snakeyaml-1.21.jar:/Users/victorshokurov/.m2/repository/com/aventstack/extentreports/3.1.5/extentreports-3.1.5.jar:/Users/victorshokurov/.m2/repository/org/freemarker/freemarker/2.3.23/freemarker-2.3.23.jar:/Users/victorshokurov/.m2/repository/org/mongodb/mongodb-driver/3.3.0/mongodb-driver-3.3.0.jar:/Users/victorshokurov/.m2/repository/org/mongodb/bson/3.3.0/bson-3.3.0.jar:/Users/victorshokurov/.m2/repository/org/mongodb/mongodb-driver-core/3.3.0/mongodb-driver-core-3.3.0.jar:/Users/victorshokurov/.m2/repository/org/apache/httpcomponents/httpclient/4.5.2/httpclient-4.5.2.jar:/Users/victorshokurov/.m2/repository/org/apache/httpcomponents/httpcore/4.4.4/httpcore-4.4.4.jar:/Users/victorshokurov/.m2/repository/commons-logging/commons-logging/1.2/commons-logging-1.2.jar:/Users/victorshokurov/.m2/repository/commons-codec/commons-codec/1.9/commons-codec-1.9.jar:/Users/victorshokurov/.m2/repository/org/apache/httpcomponents/httpmime/4.5.2/httpmime-4.5.2.jar:/Users/victorshokurov/.m2/repository/org/jsoup/jsoup/1.9.2/jsoup-1.9.2.jar:/Users/victorshokurov/.m2/repository/com/google/code/gson/gson/2.8.0/gson-2.8.0.jar:/Users/victorshokurov/.m2/repository/com/automation-remarks/video-recorder-testng/1.0/video-recorder-testng-1.0.jar:/Users/victorshokurov/.m2/repository/com/automation-remarks/video-recorder-core/1.0/video-recorder-core-1.0.jar:/Users/victorshokurov/.m2/repository/ru/yandex/qatools/allure/allure-java-annotations/1.4.23/allure-java-annotations-1.4.23.jar:/Users/victorshokurov/.m2/repository/ru/yandex/qatools/allure/allure-model/1.4.23/allure-model-1.4.23.jar:/Users/victorshokurov/.m2/repository/org/jvnet/jaxb2_commons/jaxb2-basics-runtime/0.9.3/jaxb2-basics-runtime-0.9.3.jar:/Users/victorshokurov/.m2/repository/ru/yandex/qatools/properties/properties-loader/1.5/properties-loader-1.5.jar:/Users/victorshokurov/.m2/repository/commons-beanutils/commons-beanutils-core/1.8.3/commons-beanutils-core-1.8.3.jar:/Users/victorshokurov/.m2/repository/org/slf4j/slf4j-api/1.7.12/slf4j-api-1.7.12.jar:"/>
    <property name="sun.cpu.endian" value="little"/>
    <property name="user.home" value="/Users/victorshokurov"/>
    <property name="user.language" value="en"/>
    <property name="java.specification.vendor" value="Oracle Corporation"/>
    <property name="java.home" value="/Library/Java/JavaVirtualMachines/jdk1.8.0_271.jdk/Contents/Home/jre"/>
    <property name="basedir" value="/Users/victorshokurov/Desktop/GitHub/romanceabroad"/>
    <property name="file.separator" value="/"/>
    <property name="line.separator" value="&#10;"/>
    <property name="java.vm.specification.vendor" value="Oracle Corporation"/>
    <property name="java.specification.name" value="Java Platform API Specification"/>
    <property name="java.awt.graphicsenv" value="sun.awt.CGraphicsEnvironment"/>
    <property name="surefire.real.class.path" value="/Users/victorshokurov/Desktop/GitHub/romanceabroad/target/surefire/surefirebooter2849175239616450589.jar"/>
    <property name="sun.boot.class.path" value="/Library/Java/JavaVirtualMachines/jdk1.8.0_271.jdk/Contents/Home/jre/lib/resources.jar:/Library/Java/JavaVirtualMachines/jdk1.8.0_271.jdk/Contents/Home/jre/lib/rt.jar:/Library/Java/JavaVirtualMachines/jdk1.8.0_271.jdk/Contents/Home/jre/lib/sunrsasign.jar:/Library/Java/JavaVirtualMachines/jdk1.8.0_271.jdk/Contents/Home/jre/lib/jsse.jar:/Library/Java/JavaVirtualMachines/jdk1.8.0_271.jdk/Contents/Home/jre/lib/jce.jar:/Library/Java/JavaVirtualMachines/jdk1.8.0_271.jdk/Contents/Home/jre/lib/charsets.jar:/Library/Java/JavaVirtualMachines/jdk1.8.0_271.jdk/Contents/Home/jre/lib/jfr.jar:/Library/Java/JavaVirtualMachines/jdk1.8.0_271.jdk/Contents/Home/jre/classes"/>
    <property name="sun.management.compiler" value="HotSpot 64-Bit Tiered Compilers"/>
    <property name="ftp.nonProxyHosts" value="local|*.local|169.254/16|*.169.254/16"/>
    <property name="java.runtime.version" value="1.8.0_271-b09"/>
    <property name="user.name" value="victorshokurov"/>
    <property name="path.separator" value=":"/>
    <property name="os.version" value="10.16"/>
    <property name="java.endorsed.dirs" value="/Library/Java/JavaVirtualMachines/jdk1.8.0_271.jdk/Contents/Home/jre/lib/endorsed"/>
    <property name="java.runtime.name" value="Java(TM) SE Runtime Environment"/>
    <property name="file.encoding" value="UTF-8"/>
    <property name="java.vm.name" value="Java HotSpot(TM) 64-Bit Server VM"/>
    <property name="localRepository" value="/Users/victorshokurov/.m2/repository"/>
    <property name="java.vendor.url.bug" value="http://bugreport.sun.com/bugreport/"/>
    <property name="java.io.tmpdir" value="/var/folders/hk/_x3rb27x6d71xdn0qnxzm6640000gn/T/"/>
    <property name="java.version" value="1.8.0_271"/>
    <property name="user.dir" value="/Users/victorshokurov/Desktop/GitHub/romanceabroad"/>
    <property name="os.arch" value="x86_64"/>
    <property name="java.vm.specification.name" value="Java Virtual Machine Specification"/>
    <property name="java.awt.printerjob" value="sun.lwawt.macosx.CPrinterJob"/>
    <property name="sun.os.patch.level" value="unknown"/>
    <property name="java.library.path" value="/Users/victorshokurov/Library/Java/Extensions:/Library/Java/Extensions:/Network/Library/Java/Extensions:/System/Library/Java/Extensions:/usr/lib/java:."/>
    <property name="java.vm.info" value="mixed mode"/>
    <property name="java.vendor" value="Oracle Corporation"/>
    <property name="java.vm.version" value="25.271-b09"/>
    <property name="java.ext.dirs" value="/Users/victorshokurov/Library/Java/Extensions:/Library/Java/JavaVirtualMachines/jdk1.8.0_271.jdk/Contents/Home/jre/lib/ext:/Library/Java/Extensions:/Network/Library/Java/Extensions:/System/Library/Java/Extensions:/usr/lib/java"/>
    <property name="sun.io.unicode.encoding" value="UnicodeBig"/>
    <property name="java.class.version" value="52.0"/>
    <property name="socksNonProxyHosts" value="local|*.local|169.254/16|*.169.254/16"/>
  </properties>
  <testcase name="testBlogLink" classname="com.romanceabroad.ui.BlogTests" time="112.523">
    <system-out><![CDATA[https://romanceabroad.com/content/view/blog
]]></system-out>
    <system-err><![CDATA[Starting ChromeDriver 86.0.4240.22 (398b0743353ff36fb1b82468f63a3a93b4e2e89e-refs/branch-heads/4240@{#378}) on port 25376
Only local connections are allowed.
Please see https://chromedriver.chromium.org/security-considerations for suggestions on keeping ChromeDriver safe.
ChromeDriver was started successfully.
[1609794496.495][WARNING]: This version of ChromeDriver has not been tested with Chrome version 87.
Jan 04, 2021 3:08:16 PM org.openqa.selenium.remote.ProtocolHandshake createSession
INFO: Detected dialect: W3C
]]></system-err>
  </testcase>
  <testcase name="testGiftsLink" classname="com.romanceabroad.ui.GiftsTests" time="2.337">
    <system-out><![CDATA[https://romanceabroad.com/store/category-sweets
]]></system-out>
    <system-err><![CDATA[Starting ChromeDriver 86.0.4240.22 (398b0743353ff36fb1b82468f63a3a93b4e2e89e-refs/branch-heads/4240@{#378}) on port 28853
Only local connections are allowed.
Please see https://chromedriver.chromium.org/security-considerations for suggestions on keeping ChromeDriver safe.
ChromeDriver was started successfully.
[1609794622.386][WARNING]: This version of ChromeDriver has not been tested with Chrome version 87.
Jan 04, 2021 3:10:22 PM org.openqa.selenium.remote.ProtocolHandshake createSession
INFO: Detected dialect: W3C
]]></system-err>
  </testcase>
  <testcase name="testHowWeWorkLink" classname="com.romanceabroad.ui.HowWeWorkTests" time="1.927">
    <system-out><![CDATA[https://romanceabroad.com/content/view/how-it-works
]]></system-out>
    <system-err><![CDATA[Starting ChromeDriver 86.0.4240.22 (398b0743353ff36fb1b82468f63a3a93b4e2e89e-refs/branch-heads/4240@{#378}) on port 4035
Only local connections are allowed.
Please see https://chromedriver.chromium.org/security-considerations for suggestions on keeping ChromeDriver safe.
ChromeDriver was started successfully.
[1609794635.141][WARNING]: This version of ChromeDriver has not been tested with Chrome version 87.
Jan 04, 2021 3:10:35 PM org.openqa.selenium.remote.ProtocolHandshake createSession
INFO: Detected dialect: W3C
]]></system-err>
  </testcase>
  <testcase name="testMainTitleTestCase13" classname="com.romanceabroad.ui.HowWeWorkTests" time="2.553">
    <system-out><![CDATA[Wrong title in How it works page
]]></system-out>
    <system-err><![CDATA[Starting ChromeDriver 86.0.4240.22 (398b0743353ff36fb1b82468f63a3a93b4e2e89e-refs/branch-heads/4240@{#378}) on port 46229
Only local connections are allowed.
Please see https://chromedriver.chromium.org/security-considerations for suggestions on keeping ChromeDriver safe.
ChromeDriver was started successfully.
[1609794647.281][WARNING]: This version of ChromeDriver has not been tested with Chrome version 87.
Jan 04, 2021 3:10:47 PM org.openqa.selenium.remote.ProtocolHandshake createSession
INFO: Detected dialect: W3C
]]></system-err>
  </testcase>
  <testcase name="testCountPagesContentTestCase14" classname="com.romanceabroad.ui.HowWeWorkTests" time="3.533">
    <system-out><![CDATA[22
]]></system-out>
    <system-err><![CDATA[Starting ChromeDriver 86.0.4240.22 (398b0743353ff36fb1b82468f63a3a93b4e2e89e-refs/branch-heads/4240@{#378}) on port 26872
Only local connections are allowed.
Please see https://chromedriver.chromium.org/security-considerations for suggestions on keeping ChromeDriver safe.
ChromeDriver was started successfully.
[1609794659.495][WARNING]: This version of ChromeDriver has not been tested with Chrome version 87.
Jan 04, 2021 3:10:59 PM org.openqa.selenium.remote.ProtocolHandshake createSession
INFO: Detected dialect: W3C
]]></system-err>
  </testcase>
  <testcase name="testYoutubePlayButtonTestCase9" classname="com.romanceabroad.ui.MainTests" time="3.381">
    <system-err><![CDATA[Starting ChromeDriver 86.0.4240.22 (398b0743353ff36fb1b82468f63a3a93b4e2e89e-refs/branch-heads/4240@{#378}) on port 6509
Only local connections are allowed.
Please see https://chromedriver.chromium.org/security-considerations for suggestions on keeping ChromeDriver safe.
ChromeDriver was started successfully.
[1609794672.723][WARNING]: This version of ChromeDriver has not been tested with Chrome version 87.
Jan 04, 2021 3:11:12 PM org.openqa.selenium.remote.ProtocolHandshake createSession
INFO: Detected dialect: W3C
]]></system-err>
  </testcase>
  <testcase name="testCheckCountTitlesTestCase10" classname="com.romanceabroad.ui.MainTests" time="0.039">
    <system-out><![CDATA[8
There is a match
]]></system-out>
    <system-err><![CDATA[Starting ChromeDriver 86.0.4240.22 (398b0743353ff36fb1b82468f63a3a93b4e2e89e-refs/branch-heads/4240@{#378}) on port 34409
Only local connections are allowed.
Please see https://chromedriver.chromium.org/security-considerations for suggestions on keeping ChromeDriver safe.
ChromeDriver was started successfully.
[1609794684.631][WARNING]: This version of ChromeDriver has not been tested with Chrome version 87.
Jan 04, 2021 3:11:24 PM org.openqa.selenium.remote.ProtocolHandshake createSession
INFO: Detected dialect: W3C
]]></system-err>
  </testcase>
  <testcase name="testCheckMainTitlesTestCase11" classname="com.romanceabroad.ui.MainTests" time="0.214">
    <system-out><![CDATA[HOME
There is a match
]]></system-out>
    <system-err><![CDATA[Starting ChromeDriver 86.0.4240.22 (398b0743353ff36fb1b82468f63a3a93b4e2e89e-refs/branch-heads/4240@{#378}) on port 16486
Only local connections are allowed.
Please see https://chromedriver.chromium.org/security-considerations for suggestions on keeping ChromeDriver safe.
ChromeDriver was started successfully.
[1609794696.919][WARNING]: This version of ChromeDriver has not been tested with Chrome version 87.
Jan 04, 2021 3:11:37 PM org.openqa.selenium.remote.ProtocolHandshake createSession
INFO: Detected dialect: W3C
]]></system-err>
  </testcase>
  <testcase name="testPhotosLink" classname="com.romanceabroad.ui.PhotosTests" time="1.92">
    <system-out><![CDATA[Child!!!
https://romanceabroad.com/media/index
]]></system-out>
    <system-err><![CDATA[Starting ChromeDriver 86.0.4240.22 (398b0743353ff36fb1b82468f63a3a93b4e2e89e-refs/branch-heads/4240@{#378}) on port 32210
Only local connections are allowed.
Please see https://chromedriver.chromium.org/security-considerations for suggestions on keeping ChromeDriver safe.
ChromeDriver was started successfully.
[1609794707.511][WARNING]: This version of ChromeDriver has not been tested with Chrome version 87.
Jan 04, 2021 3:11:47 PM org.openqa.selenium.remote.ProtocolHandshake createSession
INFO: Detected dialect: W3C
]]></system-err>
  </testcase>
  <testcase name="testClickButtonAddPhoto" classname="com.romanceabroad.ui.PhotosTests" time="5.515">
    <system-out><![CDATA[Sort By:                                 Comments count
                            
3
]]></system-out>
    <system-err><![CDATA[Starting ChromeDriver 86.0.4240.22 (398b0743353ff36fb1b82468f63a3a93b4e2e89e-refs/branch-heads/4240@{#378}) on port 14457
Only local connections are allowed.
Please see https://chromedriver.chromium.org/security-considerations for suggestions on keeping ChromeDriver safe.
ChromeDriver was started successfully.
[1609794721.326][WARNING]: This version of ChromeDriver has not been tested with Chrome version 87.
Jan 04, 2021 3:12:01 PM org.openqa.selenium.remote.ProtocolHandshake createSession
INFO: Detected dialect: W3C
]]></system-err>
  </testcase>
  <testcase name="testTabs" classname="com.romanceabroad.ui.PhotosTests" time="2.183">
    <failure message="no such element: Unable to locate element: {&quot;method&quot;:&quot;xpath&quot;,&quot;selector&quot;:&quot;//h1&quot;}&#10;  (Session info: chrome=87.0.4280.88)&#10;For documentation on this error, please visit: https://www.seleniumhq.org/exceptions/no_such_element.html&#10;Build info: version: &apos;3.141.59&apos;, revision: &apos;e82be7d358&apos;, time: &apos;2018-11-14T08:17:03&apos;&#10;System info: host: &apos;Victors-MacBook-Air.local&apos;, ip: &apos;2601:241:8680:7be0:0:0:0:208a%en0&apos;, os.name: &apos;Mac OS X&apos;, os.arch: &apos;x86_64&apos;, os.version: &apos;10.16&apos;, java.version: &apos;1.8.0_271&apos;&#10;Driver info: org.openqa.selenium.chrome.ChromeDriver&#10;Capabilities {acceptInsecureCerts: false, browserName: chrome, browserVersion: 87.0.4280.88, chrome: {chromedriverVersion: 86.0.4240.22 (398b0743353ff..., userDataDir: /var/folders/hk/_x3rb27x6d7...}, goog:chromeOptions: {debuggerAddress: localhost:51856}, javascriptEnabled: true, networkConnectionEnabled: false, pageLoadStrategy: normal, platform: MAC, platformName: MAC, proxy: Proxy(), setWindowRect: true, strictFileInteractability: false, timeouts: {implicit: 0, pageLoad: 300000, script: 30000}, unhandledPromptBehavior: dismiss and notify, webauthn:virtualAuthenticators: true}&#10;Session ID: 001b9e41f8c8ec41734e5f9b4fc72bf2&#10;*** Element info: {Using=xpath, value=//h1}" type="org.openqa.selenium.NoSuchElementException"><![CDATA[org.openqa.selenium.NoSuchElementException: 
no such element: Unable to locate element: {"method":"xpath","selector":"//h1"}
  (Session info: chrome=87.0.4280.88)
For documentation on this error, please visit: https://www.seleniumhq.org/exceptions/no_such_element.html
Build info: version: '3.141.59', revision: 'e82be7d358', time: '2018-11-14T08:17:03'
System info: host: 'Victors-MacBook-Air.local', ip: '2601:241:8680:7be0:0:0:0:208a%en0', os.name: 'Mac OS X', os.arch: 'x86_64', os.version: '10.16', java.version: '1.8.0_271'
Driver info: org.openqa.selenium.chrome.ChromeDriver
Capabilities {acceptInsecureCerts: false, browserName: chrome, browserVersion: 87.0.4280.88, chrome: {chromedriverVersion: 86.0.4240.22 (398b0743353ff..., userDataDir: /var/folders/hk/_x3rb27x6d7...}, goog:chromeOptions: {debuggerAddress: localhost:51856}, javascriptEnabled: true, networkConnectionEnabled: false, pageLoadStrategy: normal, platform: MAC, platformName: MAC, proxy: Proxy(), setWindowRect: true, strictFileInteractability: false, timeouts: {implicit: 0, pageLoad: 300000, script: 30000}, unhandledPromptBehavior: dismiss and notify, webauthn:virtualAuthenticators: true}
Session ID: 001b9e41f8c8ec41734e5f9b4fc72bf2
*** Element info: {Using=xpath, value=//h1}
	at com.romanceabroad.ui.PhotosTests.testTabs(PhotosTests.java:46)
]]></failure>
    <system-err><![CDATA[Starting ChromeDriver 86.0.4240.22 (398b0743353ff36fb1b82468f63a3a93b4e2e89e-refs/branch-heads/4240@{#378}) on port 43911
Only local connections are allowed.
Please see https://chromedriver.chromium.org/security-considerations for suggestions on keeping ChromeDriver safe.
ChromeDriver was started successfully.
[1609794736.457][WARNING]: This version of ChromeDriver has not been tested with Chrome version 87.
Jan 04, 2021 3:12:16 PM org.openqa.selenium.remote.ProtocolHandshake createSession
INFO: Detected dialect: W3C
Video recording
[/Users/victorshokurov/Desktop/GitHub/romanceabroad/video/Blog test_recording_2021_04_01_15_08_25.avi]
]]></system-err>
  </testcase>
  <testcase name="testPrettyWomenLink" classname="com.romanceabroad.ui.PrettyWomenTests" time="3.814">
    <system-out><![CDATA[Parent!!!
https://romanceabroad.com/users/search
]]></system-out>
    <system-err><![CDATA[Starting ChromeDriver 86.0.4240.22 (398b0743353ff36fb1b82468f63a3a93b4e2e89e-refs/branch-heads/4240@{#378}) on port 23306
Only local connections are allowed.
Please see https://chromedriver.chromium.org/security-considerations for suggestions on keeping ChromeDriver safe.
ChromeDriver was started successfully.
[1609794751.162][WARNING]: This version of ChromeDriver has not been tested with Chrome version 87.
Jan 04, 2021 3:12:31 PM org.openqa.selenium.remote.ProtocolHandshake createSession
INFO: Detected dialect: W3C
]]></system-err>
  </testcase>
  <testcase name="searchDifferentResults[18, 80, Default](1)" classname="com.romanceabroad.ui.PrettyWomenTests" time="84.129">
    <system-out><![CDATA[18 and 80
Parent!!!
Parent!!!
This age: 36 is correct
This age: 43 is correct
This age: 26 is correct
This age: 46 is correct
This age: 39 is correct
This age: 30 is correct
This age: 28 is correct
This age: 40 is correct
This age: 44 is correct
This age: 25 is correct
This age: 46 is correct
This age: 45 is correct
]]></system-out>
    <system-err><![CDATA[Starting ChromeDriver 86.0.4240.22 (398b0743353ff36fb1b82468f63a3a93b4e2e89e-refs/branch-heads/4240@{#378}) on port 6697
Only local connections are allowed.
Please see https://chromedriver.chromium.org/security-considerations for suggestions on keeping ChromeDriver safe.
ChromeDriver was started successfully.
[1609794764.769][WARNING]: This version of ChromeDriver has not been tested with Chrome version 87.
Jan 04, 2021 3:12:44 PM org.openqa.selenium.remote.ProtocolHandshake createSession
INFO: Detected dialect: W3C
]]></system-err>
  </testcase>
  <testcase name="searchDifferentResults[18, 19, Name](2)" classname="com.romanceabroad.ui.PrettyWomenTests" time="9.961">
    <system-out><![CDATA[18 and 19
Parent!!!
Parent!!!
]]></system-out>
    <system-err><![CDATA[Starting ChromeDriver 86.0.4240.22 (398b0743353ff36fb1b82468f63a3a93b4e2e89e-refs/branch-heads/4240@{#378}) on port 34619
Only local connections are allowed.
Please see https://chromedriver.chromium.org/security-considerations for suggestions on keeping ChromeDriver safe.
ChromeDriver was started successfully.
[1609794855.450][WARNING]: This version of ChromeDriver has not been tested with Chrome version 87.
Jan 04, 2021 3:14:15 PM org.openqa.selenium.remote.ProtocolHandshake createSession
INFO: Detected dialect: W3C
]]></system-err>
  </testcase>
  <testcase name="searchDifferentResults[30, 40, Views](3)" classname="com.romanceabroad.ui.PrettyWomenTests" time="83.893">
    <system-out><![CDATA[30 and 40
Parent!!!
Parent!!!
This age: 36 is correct
This age: 39 is correct
This age: 30 is correct
This age: 40 is correct
This age: 38 is correct
This age: 38 is correct
This age: 33 is correct
This age: 35 is correct
This age: 35 is correct
This age: 30 is correct
This age: 32 is correct
This age: 32 is correct
]]></system-out>
    <system-err><![CDATA[Starting ChromeDriver 86.0.4240.22 (398b0743353ff36fb1b82468f63a3a93b4e2e89e-refs/branch-heads/4240@{#378}) on port 5814
Only local connections are allowed.
Please see https://chromedriver.chromium.org/security-considerations for suggestions on keeping ChromeDriver safe.
ChromeDriver was started successfully.
[1609794871.789][WARNING]: This version of ChromeDriver has not been tested with Chrome version 87.
Jan 04, 2021 3:14:32 PM org.openqa.selenium.remote.ProtocolHandshake createSession
INFO: Detected dialect: W3C
]]></system-err>
  </testcase>
  <testcase name="searchDifferentResults[60, 80, Registration date](4)" classname="com.romanceabroad.ui.PrettyWomenTests" time="10.123">
    <system-out><![CDATA[60 and 80
Parent!!!
Parent!!!
]]></system-out>
    <system-err><![CDATA[Starting ChromeDriver 86.0.4240.22 (398b0743353ff36fb1b82468f63a3a93b4e2e89e-refs/branch-heads/4240@{#378}) on port 27721
Only local connections are allowed.
Please see https://chromedriver.chromium.org/security-considerations for suggestions on keeping ChromeDriver safe.
ChromeDriver was started successfully.
[1609794964.920][WARNING]: This version of ChromeDriver has not been tested with Chrome version 87.
Jan 04, 2021 3:16:05 PM org.openqa.selenium.remote.ProtocolHandshake createSession
INFO: Detected dialect: W3C
]]></system-err>
  </testcase>
  <testcase name="testSearchButtonTestCase3" classname="com.romanceabroad.ui.PrettyWomenTests" time="3.659">
    <system-out><![CDATA[Parent!!!
clickable
]]></system-out>
    <system-err><![CDATA[Starting ChromeDriver 86.0.4240.22 (398b0743353ff36fb1b82468f63a3a93b4e2e89e-refs/branch-heads/4240@{#378}) on port 31486
Only local connections are allowed.
Please see https://chromedriver.chromium.org/security-considerations for suggestions on keeping ChromeDriver safe.
ChromeDriver was started successfully.
[1609794982.310][WARNING]: This version of ChromeDriver has not been tested with Chrome version 87.
Jan 04, 2021 3:16:22 PM org.openqa.selenium.remote.ProtocolHandshake createSession
INFO: Detected dialect: W3C
]]></system-err>
  </testcase>
  <testcase name="testThirdPageTestCase4" classname="com.romanceabroad.ui.PrettyWomenTests" time="6.433">
    <system-out><![CDATA[Parent!!!
Child!!!
]]></system-out>
    <system-err><![CDATA[Starting ChromeDriver 86.0.4240.22 (398b0743353ff36fb1b82468f63a3a93b4e2e89e-refs/branch-heads/4240@{#378}) on port 11606
Only local connections are allowed.
Please see https://chromedriver.chromium.org/security-considerations for suggestions on keeping ChromeDriver safe.
ChromeDriver was started successfully.
[1609794992.769][WARNING]: This version of ChromeDriver has not been tested with Chrome version 87.
Jan 04, 2021 3:16:32 PM org.openqa.selenium.remote.ProtocolHandshake createSession
INFO: Detected dialect: W3C
]]></system-err>
  </testcase>
  <testcase name="testSignInFillInLoginPassword[uhduwuw@.com, vfsdssveegf, false](1)" classname="com.romanceabroad.ui.SignInTests" time="1.919">
    <system-out><![CDATA[Login
Login
]]></system-out>
    <system-err><![CDATA[Starting ChromeDriver 86.0.4240.22 (398b0743353ff36fb1b82468f63a3a93b4e2e89e-refs/branch-heads/4240@{#378}) on port 20909
Only local connections are allowed.
Please see https://chromedriver.chromium.org/security-considerations for suggestions on keeping ChromeDriver safe.
ChromeDriver was started successfully.
[1609795006.085][WARNING]: This version of ChromeDriver has not been tested with Chrome version 87.
Jan 04, 2021 3:16:46 PM org.openqa.selenium.remote.ProtocolHandshake createSession
INFO: Detected dialect: W3C
]]></system-err>
  </testcase>
  <testcase name="testSignInFillInLoginPassword[manthesky@gmail.com, ooaxoamaooom450941!, true](2)" classname="com.romanceabroad.ui.SignInTests" time="1.822">
    <system-out><![CDATA[Login
Login
]]></system-out>
    <system-err><![CDATA[Starting ChromeDriver 86.0.4240.22 (398b0743353ff36fb1b82468f63a3a93b4e2e89e-refs/branch-heads/4240@{#378}) on port 43854
Only local connections are allowed.
Please see https://chromedriver.chromium.org/security-considerations for suggestions on keeping ChromeDriver safe.
ChromeDriver was started successfully.
[1609795015.264][WARNING]: This version of ChromeDriver has not been tested with Chrome version 87.
Jan 04, 2021 3:16:55 PM org.openqa.selenium.remote.ProtocolHandshake createSession
INFO: Detected dialect: W3C
]]></system-err>
  </testcase>
  <testcase name="testFillInContactUsPage" classname="com.romanceabroad.ui.ContactUsTests" time="8.385">
    <system-out><![CDATA[https://romanceabroad.com/tickets/
Reason:                                                     Technical support
                                                
]]></system-out>
    <system-err><![CDATA[Starting ChromeDriver 86.0.4240.22 (398b0743353ff36fb1b82468f63a3a93b4e2e89e-refs/branch-heads/4240@{#378}) on port 14096
Only local connections are allowed.
Please see https://chromedriver.chromium.org/security-considerations for suggestions on keeping ChromeDriver safe.
ChromeDriver was started successfully.
[1609795024.481][WARNING]: This version of ChromeDriver has not been tested with Chrome version 87.
Jan 04, 2021 3:17:04 PM org.openqa.selenium.remote.ProtocolHandshake createSession
INFO: Detected dialect: W3C
]]></system-err>
  </testcase>
  <testcase name="testTourToUkraineLink" classname="com.romanceabroad.ui.TourToUkraineTests" time="2.382">
    <system-out><![CDATA[Child!!!
https://romanceabroad.com/store/sweets/20-tour_to_ukraine
]]></system-out>
    <system-err><![CDATA[Starting ChromeDriver 86.0.4240.22 (398b0743353ff36fb1b82468f63a3a93b4e2e89e-refs/branch-heads/4240@{#378}) on port 17515
Only local connections are allowed.
Please see https://chromedriver.chromium.org/security-considerations for suggestions on keeping ChromeDriver safe.
ChromeDriver was started successfully.
[1609795040.334][WARNING]: This version of ChromeDriver has not been tested with Chrome version 87.
Jan 04, 2021 3:17:20 PM org.openqa.selenium.remote.ProtocolHandshake createSession
INFO: Detected dialect: W3C
]]></system-err>
  </testcase>
  <testcase name="testFillInformationRegistrationPage[1grounded@gmail.com, CrzboundUUPLd560hcvxt6bvqTHVLKGjsMDWzJzWjG2RtrbHkrAMasDhh6aaVo8ml5HPYvWytjT0SR8Oj95372Xo349iCDwp8LjaRs6R0JhfL40gu8RWz7639ajOiarxsb1, true](1)" classname="com.romanceabroad.ui.RegistrationTests" time="3.448">
    <system-out><![CDATA[1grounded@gmail.com
Click Join button
Type email in the text field1grounded@gmail.com
Type password in the text fieldCrazyeagle45!
Click Next button
Click Next button
Type username in the text fieldCrzboundUUPLd560hcvxt6bvqTHVLKGjsMDWzJzWjG2RtrbHkrAMasDhh6aaVo8ml5HPYvWytjT0SR8Oj95372Xo349iCDwp8LjaRs6R0JhfL40gu8RWz7639ajOiarxsb1
Choose day from the list11
Collecting elements in the list
Start using loop with size of list
Create new webElement of list
Create new String with text from element of list
Value of list1
Create new webElement of list
Create new String with text from element of list
Value of list2
Create new webElement of list
Create new String with text from element of list
Value of list3
Create new webElement of list
Create new String with text from element of list
Value of list4
Create new webElement of list
Create new String with text from element of list
Value of list5
Create new webElement of list
Create new String with text from element of list
Value of list6
Create new webElement of list
Create new String with text from element of list
Value of list7
Create new webElement of list
Create new String with text from element of list
Value of list8
Create new webElement of list
Create new String with text from element of list
Value of list9
Create new webElement of list
Create new String with text from element of list
Value of list10
Create new webElement of list
Create new String with text from element of list
Value of list11
Click list of elements
Create new webElement of list
Create new String with text from element of list
Value of list
Create new webElement of list
Create new String with text from element of list
Value of list
Create new webElement of list
Create new String with text from element of list
Value of list
Create new webElement of list
Create new String with text from element of list
Value of list
Create new webElement of list
Create new String with text from element of list
Value of list
Create new webElement of list
Create new String with text from element of list
Value of list
Create new webElement of list
Create new String with text from element of list
Value of list
Create new webElement of list
Create new String with text from element of list
Value of list
Create new webElement of list
Create new String with text from element of list
Value of list
Create new webElement of list
Create new String with text from element of list
Value of list
Create new webElement of list
Create new String with text from element of list
Value of list
Create new webElement of list
Create new String with text from element of list
Value of list
Create new webElement of list
Create new String with text from element of list
Value of list
Create new webElement of list
Create new String with text from element of list
Value of list
Create new webElement of list
Create new String with text from element of list
Value of list
Create new webElement of list
Create new String with text from element of list
Value of list
Create new webElement of list
Create new String with text from element of list
Value of list
Create new webElement of list
Create new String with text from element of list
Value of list
Create new webElement of list
Create new String with text from element of list
Value of list
Create new webElement of list
Create new String with text from element of list
Value of list
Choose month from the listMay
Collecting elements in the list
Start using loop with size of list
Create new webElement of list
Create new String with text from element of list
Value of listJan
Create new webElement of list
Create new String with text from element of list
Value of listFeb
Create new webElement of list
Create new String with text from element of list
Value of listMar
Create new webElement of list
Create new String with text from element of list
Value of listApr
Create new webElement of list
Create new String with text from element of list
Value of listMay
Click list of elements
Create new webElement of list
Create new String with text from element of list
Value of list
Create new webElement of list
Create new String with text from element of list
Value of list
Create new webElement of list
Create new String with text from element of list
Value of list
Create new webElement of list
Create new String with text from element of list
Value of list
Create new webElement of list
Create new String with text from element of list
Value of list
Create new webElement of list
Create new String with text from element of list
Value of list
Create new webElement of list
Create new String with text from element of list
Value of list
Choose year from the list1991
Collecting elements in the list
Start using loop with size of list
Create new webElement of list
Create new String with text from element of list
Value of list2003
Create new webElement of list
Create new String with text from element of list
Value of list2002
Create new webElement of list
Create new String with text from element of list
Value of list2001
Create new webElement of list
Create new String with text from element of list
Value of list2000
Create new webElement of list
Create new String with text from element of list
Value of list1999
Create new webElement of list
Create new String with text from element of list
Value of list1998
Create new webElement of list
Create new String with text from element of list
Value of list1997
Create new webElement of list
Create new String with text from element of list
Value of list1996
Create new webElement of list
Create new String with text from element of list
Value of list1995
Create new webElement of list
Create new String with text from element of list
Value of list1994
Create new webElement of list
Create new String with text from element of list
Value of list1993
Create new webElement of list
Create new String with text from element of list
Value of list1992
Create new webElement of list
Create new String with text from element of list
Value of list1991
Click list of elements
Create new webElement of list
Create new String with text from element of list
Value of list
Create new webElement of list
Create new String with text from element of list
Value of list
Create new webElement of list
Create new String with text from element of list
Value of list
Create new webElement of list
Create new String with text from element of list
Value of list
Create new webElement of list
Create new String with text from element of list
Value of list
Create new webElement of list
Create new String with text from element of list
Value of list
Create new webElement of list
Create new String with text from element of list
Value of list
Create new webElement of list
Create new String with text from element of list
Value of list
Create new webElement of list
Create new String with text from element of list
Value of list
Create new webElement of list
Create new String with text from element of list
Value of list
Create new webElement of list
Create new String with text from element of list
Value of list
Create new webElement of list
Create new String with text from element of list
Value of list
Create new webElement of list
Create new String with text from element of list
Value of list
Create new webElement of list
Create new String with text from element of list
Value of list
Create new webElement of list
Create new String with text from element of list
Value of list
Create new webElement of list
Create new String with text from element of list
Value of list
Create new webElement of list
Create new String with text from element of list
Value of list
Create new webElement of list
Create new String with text from element of list
Value of list
Create new webElement of list
Create new String with text from element of list
Value of list
Create new webElement of list
Create new String with text from element of list
Value of list
Create new webElement of list
Create new String with text from element of list
Value of list
Create new webElement of list
Create new String with text from element of list
Value of list
Create new webElement of list
Create new String with text from element of list
Value of list
Create new webElement of list
Create new String with text from element of list
Value of list
Create new webElement of list
Create new String with text from element of list
Value of list
Create new webElement of list
Create new String with text from element of list
Value of list
Create new webElement of list
Create new String with text from element of list
Value of list
Create new webElement of list
Create new String with text from element of list
Value of list
Create new webElement of list
Create new String with text from element of list
Value of list
Create new webElement of list
Create new String with text from element of list
Value of list
Create new webElement of list
Create new String with text from element of list
Value of list
Create new webElement of list
Create new String with text from element of list
Value of list
Create new webElement of list
Create new String with text from element of list
Value of list
Create new webElement of list
Create new String with text from element of list
Value of list
Create new webElement of list
Create new String with text from element of list
Value of list
Create new webElement of list
Create new String with text from element of list
Value of list
Create new webElement of list
Create new String with text from element of list
Value of list
Create new webElement of list
Create new String with text from element of list
Value of list
Create new webElement of list
Create new String with text from element of list
Value of list
Create new webElement of list
Create new String with text from element of list
Value of list
Create new webElement of list
Create new String with text from element of list
Value of list
Create new webElement of list
Create new String with text from element of list
Value of list
Create new webElement of list
Create new String with text from element of list
Value of list
Create new webElement of list
Create new String with text from element of list
Value of list
Create new webElement of list
Create new String with text from element of list
Value of list
Create new webElement of list
Create new String with text from element of list
Value of list
Create new webElement of list
Create new String with text from element of list
Value of list
Create new webElement of list
Create new String with text from element of list
Value of list
Create new webElement of list
Create new String with text from element of list
Value of list
Create new webElement of list
Create new String with text from element of list
Value of list
Type phone number in the text field7098679005
Click on confirmation checkbox
Clear the location
Type the city in the text fieldChicago
Type the location in the text fieldChicago, Illinois, United States
Collecting elements in the list
Start using loop with size of list
]]></system-out>
    <system-err><![CDATA[Starting ChromeDriver 86.0.4240.22 (398b0743353ff36fb1b82468f63a3a93b4e2e89e-refs/branch-heads/4240@{#378}) on port 10314
Only local connections are allowed.
Please see https://chromedriver.chromium.org/security-considerations for suggestions on keeping ChromeDriver safe.
ChromeDriver was started successfully.
[1609795050.404][WARNING]: This version of ChromeDriver has not been tested with Chrome version 87.
Jan 04, 2021 3:17:30 PM org.openqa.selenium.remote.ProtocolHandshake createSession
INFO: Detected dialect: W3C
]]></system-err>
  </testcase>
  <testcase name="testFillInformationRegistrationPage[2groundedmail.ru, CrzboundUUPLd560hcvxt6bvqTHVLKGjsMDWzJzWjG2RtrbHkrAMasDhh6aaVo8ml5HPYvWytjT0SR8Oj95372Xo349iCDwp8LjaRs6R0JhfL40gu8RWz7639ajOiarxsb1, false](2)" classname="com.romanceabroad.ui.RegistrationTests" time="0.637">
    <system-out><![CDATA[2groundedmail.ru
Click Join button
Type email in the text field2groundedmail.ru
Type password in the text fieldCrazyeagle45!
Click Next button
Error message is not displayed
]]></system-out>
    <system-err><![CDATA[Starting ChromeDriver 86.0.4240.22 (398b0743353ff36fb1b82468f63a3a93b4e2e89e-refs/branch-heads/4240@{#378}) on port 4846
Only local connections are allowed.
Please see https://chromedriver.chromium.org/security-considerations for suggestions on keeping ChromeDriver safe.
ChromeDriver was started successfully.
[1609795061.370][WARNING]: This version of ChromeDriver has not been tested with Chrome version 87.
Jan 04, 2021 3:17:41 PM org.openqa.selenium.remote.ProtocolHandshake createSession
INFO: Detected dialect: W3C
]]></system-err>
  </testcase>
  <testcase name="testFillInformationRegistrationPage[3grounded@yahoo.com, CrzboundUUPLd560hcvxt6bvqTHVLKGjsMDWzJzWjG2RtrbHkrAMasDhh6aaVo8ml5HPYvWytjT0SR8Oj95372Xo349iCDwp8LjaRs6R0JhfL40gu8RWz7639ajOiarxsb1, true](3)" classname="com.romanceabroad.ui.RegistrationTests" time="3.796">
    <system-out><![CDATA[3grounded@yahoo.com
Click Join button
Type email in the text field3grounded@yahoo.com
Type password in the text fieldCrazyeagle45!
Click Next button
Click Next button
Type username in the text fieldCrzboundUUPLd560hcvxt6bvqTHVLKGjsMDWzJzWjG2RtrbHkrAMasDhh6aaVo8ml5HPYvWytjT0SR8Oj95372Xo349iCDwp8LjaRs6R0JhfL40gu8RWz7639ajOiarxsb1
Choose day from the list11
Collecting elements in the list
Start using loop with size of list
Create new webElement of list
Create new String with text from element of list
Value of list1
Create new webElement of list
Create new String with text from element of list
Value of list2
Create new webElement of list
Create new String with text from element of list
Value of list3
Create new webElement of list
Create new String with text from element of list
Value of list4
Create new webElement of list
Create new String with text from element of list
Value of list5
Create new webElement of list
Create new String with text from element of list
Value of list6
Create new webElement of list
Create new String with text from element of list
Value of list7
Create new webElement of list
Create new String with text from element of list
Value of list8
Create new webElement of list
Create new String with text from element of list
Value of list9
Create new webElement of list
Create new String with text from element of list
Value of list10
Create new webElement of list
Create new String with text from element of list
Value of list11
Click list of elements
Create new webElement of list
Create new String with text from element of list
Value of list
Create new webElement of list
Create new String with text from element of list
Value of list
Create new webElement of list
Create new String with text from element of list
Value of list
Create new webElement of list
Create new String with text from element of list
Value of list
Create new webElement of list
Create new String with text from element of list
Value of list
Create new webElement of list
Create new String with text from element of list
Value of list
Create new webElement of list
Create new String with text from element of list
Value of list
Create new webElement of list
Create new String with text from element of list
Value of list
Create new webElement of list
Create new String with text from element of list
Value of list
Create new webElement of list
Create new String with text from element of list
Value of list
Create new webElement of list
Create new String with text from element of list
Value of list
Create new webElement of list
Create new String with text from element of list
Value of list
Create new webElement of list
Create new String with text from element of list
Value of list
Create new webElement of list
Create new String with text from element of list
Value of list
Create new webElement of list
Create new String with text from element of list
Value of list
Create new webElement of list
Create new String with text from element of list
Value of list
Create new webElement of list
Create new String with text from element of list
Value of list
Create new webElement of list
Create new String with text from element of list
Value of list
Create new webElement of list
Create new String with text from element of list
Value of list
Create new webElement of list
Create new String with text from element of list
Value of list
Choose month from the listMay
Collecting elements in the list
Start using loop with size of list
Create new webElement of list
Create new String with text from element of list
Value of listJan
Create new webElement of list
Create new String with text from element of list
Value of listFeb
Create new webElement of list
Create new String with text from element of list
Value of listMar
Create new webElement of list
Create new String with text from element of list
Value of listApr
Create new webElement of list
Create new String with text from element of list
Value of listMay
Click list of elements
Create new webElement of list
Create new String with text from element of list
Value of list
Create new webElement of list
Create new String with text from element of list
Value of list
Create new webElement of list
Create new String with text from element of list
Value of list
Create new webElement of list
Create new String with text from element of list
Value of list
Create new webElement of list
Create new String with text from element of list
Value of list
Create new webElement of list
Create new String with text from element of list
Value of list
Create new webElement of list
Create new String with text from element of list
Value of list
Choose year from the list1991
Collecting elements in the list
Start using loop with size of list
Create new webElement of list
Create new String with text from element of list
Value of list2003
Create new webElement of list
Create new String with text from element of list
Value of list2002
Create new webElement of list
Create new String with text from element of list
Value of list2001
Create new webElement of list
Create new String with text from element of list
Value of list2000
Create new webElement of list
Create new String with text from element of list
Value of list1999
Create new webElement of list
Create new String with text from element of list
Value of list1998
Create new webElement of list
Create new String with text from element of list
Value of list1997
Create new webElement of list
Create new String with text from element of list
Value of list1996
Create new webElement of list
Create new String with text from element of list
Value of list1995
Create new webElement of list
Create new String with text from element of list
Value of list1994
Create new webElement of list
Create new String with text from element of list
Value of list1993
Create new webElement of list
Create new String with text from element of list
Value of list1992
Create new webElement of list
Create new String with text from element of list
Value of list1991
Click list of elements
Create new webElement of list
Create new String with text from element of list
Value of list
Create new webElement of list
Create new String with text from element of list
Value of list
Create new webElement of list
Create new String with text from element of list
Value of list
Create new webElement of list
Create new String with text from element of list
Value of list
Create new webElement of list
Create new String with text from element of list
Value of list
Create new webElement of list
Create new String with text from element of list
Value of list
Create new webElement of list
Create new String with text from element of list
Value of list
Create new webElement of list
Create new String with text from element of list
Value of list
Create new webElement of list
Create new String with text from element of list
Value of list
Create new webElement of list
Create new String with text from element of list
Value of list
Create new webElement of list
Create new String with text from element of list
Value of list
Create new webElement of list
Create new String with text from element of list
Value of list
Create new webElement of list
Create new String with text from element of list
Value of list
Create new webElement of list
Create new String with text from element of list
Value of list
Create new webElement of list
Create new String with text from element of list
Value of list
Create new webElement of list
Create new String with text from element of list
Value of list
Create new webElement of list
Create new String with text from element of list
Value of list
Create new webElement of list
Create new String with text from element of list
Value of list
Create new webElement of list
Create new String with text from element of list
Value of list
Create new webElement of list
Create new String with text from element of list
Value of list
Create new webElement of list
Create new String with text from element of list
Value of list
Create new webElement of list
Create new String with text from element of list
Value of list
Create new webElement of list
Create new String with text from element of list
Value of list
Create new webElement of list
Create new String with text from element of list
Value of list
Create new webElement of list
Create new String with text from element of list
Value of list
Create new webElement of list
Create new String with text from element of list
Value of list
Create new webElement of list
Create new String with text from element of list
Value of list
Create new webElement of list
Create new String with text from element of list
Value of list
Create new webElement of list
Create new String with text from element of list
Value of list
Create new webElement of list
Create new String with text from element of list
Value of list
Create new webElement of list
Create new String with text from element of list
Value of list
Create new webElement of list
Create new String with text from element of list
Value of list
Create new webElement of list
Create new String with text from element of list
Value of list
Create new webElement of list
Create new String with text from element of list
Value of list
Create new webElement of list
Create new String with text from element of list
Value of list
Create new webElement of list
Create new String with text from element of list
Value of list
Create new webElement of list
Create new String with text from element of list
Value of list
Create new webElement of list
Create new String with text from element of list
Value of list
Create new webElement of list
Create new String with text from element of list
Value of list
Create new webElement of list
Create new String with text from element of list
Value of list
Create new webElement of list
Create new String with text from element of list
Value of list
Create new webElement of list
Create new String with text from element of list
Value of list
Create new webElement of list
Create new String with text from element of list
Value of list
Create new webElement of list
Create new String with text from element of list
Value of list
Create new webElement of list
Create new String with text from element of list
Value of list
Create new webElement of list
Create new String with text from element of list
Value of list
Create new webElement of list
Create new String with text from element of list
Value of list
Create new webElement of list
Create new String with text from element of list
Value of list
Create new webElement of list
Create new String with text from element of list
Value of list
Create new webElement of list
Create new String with text from element of list
Value of list
Type phone number in the text field7098679005
Click on confirmation checkbox
Clear the location
Type the city in the text fieldChicago
Type the location in the text fieldChicago, Illinois, United States
Collecting elements in the list
Start using loop with size of list
]]></system-out>
    <system-err><![CDATA[Starting ChromeDriver 86.0.4240.22 (398b0743353ff36fb1b82468f63a3a93b4e2e89e-refs/branch-heads/4240@{#378}) on port 20789
Only local connections are allowed.
Please see https://chromedriver.chromium.org/security-considerations for suggestions on keeping ChromeDriver safe.
ChromeDriver was started successfully.
[1609795068.465][WARNING]: This version of ChromeDriver has not been tested with Chrome version 87.
Jan 04, 2021 3:17:48 PM org.openqa.selenium.remote.ProtocolHandshake createSession
INFO: Detected dialect: W3C
]]></system-err>
  </testcase>
  <testcase name="testFillInformationRegistrationPage[horsethebest@gmail.com, oemfwofmwofmwof12, 4, Jun, 1996, 9146615378, Seattle, United States](1)" classname="com.romanceabroad.ui.RegistrationTests" time="5.496">
    <system-out><![CDATA[Click Join button
horsethebest@gmail.com
Click Join button
Type email in the text fieldhorsethebest@gmail.com
Type password in the text fieldoemfwofmwofmwof12
Click Next button
Type username in the text fieldCrzboundUUPLd560hcvxt6bvqTHVLKGjsMDWzJzWjG2RtrbHkrAMasDhh6aaVo8ml5HPYvWytjT0SR8Oj95372Xo349iCDwp8LjaRs6R0JhfL40gu8RWz7639ajOiarxsb1oYyh6kEuNj8NiCsxZ1dlnK6o7XEcRQ2NjuvIC7TwineGmn3satqn9QUIAKtNXLl95YkGTHaiNwmwEgpu6m1fRUrshdpRDNL8BOmmAfPCp8ARCnAbNK1Fw6gUpyd
Choose day from the list4
Collecting elements in the list
Start using loop with size of list
Create new webElement of list
Create new String with text from element of list
Value of list1
Create new webElement of list
Create new String with text from element of list
Value of list2
Create new webElement of list
Create new String with text from element of list
Value of list3
Create new webElement of list
Create new String with text from element of list
Value of list4
Click list of elements
Create new webElement of list
Create new String with text from element of list
Value of list
Create new webElement of list
Create new String with text from element of list
Value of list
Create new webElement of list
Create new String with text from element of list
Value of list
Create new webElement of list
Create new String with text from element of list
Value of list
Create new webElement of list
Create new String with text from element of list
Value of list
Create new webElement of list
Create new String with text from element of list
Value of list
Create new webElement of list
Create new String with text from element of list
Value of list
Create new webElement of list
Create new String with text from element of list
Value of list
Create new webElement of list
Create new String with text from element of list
Value of list
Create new webElement of list
Create new String with text from element of list
Value of list
Create new webElement of list
Create new String with text from element of list
Value of list
Create new webElement of list
Create new String with text from element of list
Value of list
Create new webElement of list
Create new String with text from element of list
Value of list
Create new webElement of list
Create new String with text from element of list
Value of list
Create new webElement of list
Create new String with text from element of list
Value of list
Create new webElement of list
Create new String with text from element of list
Value of list
Create new webElement of list
Create new String with text from element of list
Value of list
Create new webElement of list
Create new String with text from element of list
Value of list
Create new webElement of list
Create new String with text from element of list
Value of list
Create new webElement of list
Create new String with text from element of list
Value of list
Create new webElement of list
Create new String with text from element of list
Value of list
Create new webElement of list
Create new String with text from element of list
Value of list
Create new webElement of list
Create new String with text from element of list
Value of list
Create new webElement of list
Create new String with text from element of list
Value of list
Create new webElement of list
Create new String with text from element of list
Value of list
Create new webElement of list
Create new String with text from element of list
Value of list
Create new webElement of list
Create new String with text from element of list
Value of list
Choose month from the listJun
Collecting elements in the list
Start using loop with size of list
Create new webElement of list
Create new String with text from element of list
Value of listJan
Create new webElement of list
Create new String with text from element of list
Value of listFeb
Create new webElement of list
Create new String with text from element of list
Value of listMar
Create new webElement of list
Create new String with text from element of list
Value of listApr
Create new webElement of list
Create new String with text from element of list
Value of listMay
Create new webElement of list
Create new String with text from element of list
Value of listJun
Click list of elements
Create new webElement of list
Create new String with text from element of list
Value of list
Create new webElement of list
Create new String with text from element of list
Value of list
Create new webElement of list
Create new String with text from element of list
Value of list
Create new webElement of list
Create new String with text from element of list
Value of list
Create new webElement of list
Create new String with text from element of list
Value of list
Create new webElement of list
Create new String with text from element of list
Value of list
Choose year from the list1996
Collecting elements in the list
Start using loop with size of list
Create new webElement of list
Create new String with text from element of list
Value of list2003
Create new webElement of list
Create new String with text from element of list
Value of list2002
Create new webElement of list
Create new String with text from element of list
Value of list2001
Create new webElement of list
Create new String with text from element of list
Value of list2000
Create new webElement of list
Create new String with text from element of list
Value of list1999
Create new webElement of list
Create new String with text from element of list
Value of list1998
Create new webElement of list
Create new String with text from element of list
Value of list1997
Create new webElement of list
Create new String with text from element of list
Value of list1996
Click list of elements
Create new webElement of list
Create new String with text from element of list
Value of list
Create new webElement of list
Create new String with text from element of list
Value of list
Create new webElement of list
Create new String with text from element of list
Value of list
Create new webElement of list
Create new String with text from element of list
Value of list
Create new webElement of list
Create new String with text from element of list
Value of list
Create new webElement of list
Create new String with text from element of list
Value of list
Create new webElement of list
Create new String with text from element of list
Value of list
Create new webElement of list
Create new String with text from element of list
Value of list
Create new webElement of list
Create new String with text from element of list
Value of list
Create new webElement of list
Create new String with text from element of list
Value of list
Create new webElement of list
Create new String with text from element of list
Value of list
Create new webElement of list
Create new String with text from element of list
Value of list
Create new webElement of list
Create new String with text from element of list
Value of list
Create new webElement of list
Create new String with text from element of list
Value of list
Create new webElement of list
Create new String with text from element of list
Value of list
Create new webElement of list
Create new String with text from element of list
Value of list
Create new webElement of list
Create new String with text from element of list
Value of list
Create new webElement of list
Create new String with text from element of list
Value of list
Create new webElement of list
Create new String with text from element of list
Value of list
Create new webElement of list
Create new String with text from element of list
Value of list
Create new webElement of list
Create new String with text from element of list
Value of list
Create new webElement of list
Create new String with text from element of list
Value of list
Create new webElement of list
Create new String with text from element of list
Value of list
Create new webElement of list
Create new String with text from element of list
Value of list
Create new webElement of list
Create new String with text from element of list
Value of list
Create new webElement of list
Create new String with text from element of list
Value of list
Create new webElement of list
Create new String with text from element of list
Value of list
Create new webElement of list
Create new String with text from element of list
Value of list
Create new webElement of list
Create new String with text from element of list
Value of list
Create new webElement of list
Create new String with text from element of list
Value of list
Create new webElement of list
Create new String with text from element of list
Value of list
Create new webElement of list
Create new String with text from element of list
Value of list
Create new webElement of list
Create new String with text from element of list
Value of list
Create new webElement of list
Create new String with text from element of list
Value of list
Create new webElement of list
Create new String with text from element of list
Value of list
Create new webElement of list
Create new String with text from element of list
Value of list
Create new webElement of list
Create new String with text from element of list
Value of list
Create new webElement of list
Create new String with text from element of list
Value of list
Create new webElement of list
Create new String with text from element of list
Value of list
Create new webElement of list
Create new String with text from element of list
Value of list
Create new webElement of list
Create new String with text from element of list
Value of list
Create new webElement of list
Create new String with text from element of list
Value of list
Create new webElement of list
Create new String with text from element of list
Value of list
Create new webElement of list
Create new String with text from element of list
Value of list
Create new webElement of list
Create new String with text from element of list
Value of list
Create new webElement of list
Create new String with text from element of list
Value of list
Create new webElement of list
Create new String with text from element of list
Value of list
Create new webElement of list
Create new String with text from element of list
Value of list
Create new webElement of list
Create new String with text from element of list
Value of list
Create new webElement of list
Create new String with text from element of list
Value of list
Create new webElement of list
Create new String with text from element of list
Value of list
Create new webElement of list
Create new String with text from element of list
Value of list
Create new webElement of list
Create new String with text from element of list
Value of list
Create new webElement of list
Create new String with text from element of list
Value of list
Create new webElement of list
Create new String with text from element of list
Value of list
Type phone number in the text field9146615378
Click on confirmation checkbox
Clear the location
Type the city in the text fieldSeattle
Type the location in the text fieldUnited States
Collecting elements in the list
Start using loop with size of list
]]></system-out>
    <system-err><![CDATA[Starting ChromeDriver 86.0.4240.22 (398b0743353ff36fb1b82468f63a3a93b4e2e89e-refs/branch-heads/4240@{#378}) on port 5429
Only local connections are allowed.
Please see https://chromedriver.chromium.org/security-considerations for suggestions on keeping ChromeDriver safe.
ChromeDriver was started successfully.
[1609795078.843][WARNING]: This version of ChromeDriver has not been tested with Chrome version 87.
Jan 04, 2021 3:17:59 PM org.openqa.selenium.remote.ProtocolHandshake createSession
INFO: Detected dialect: W3C
]]></system-err>
  </testcase>
</testsuite>