<?xml version="1.0" encoding="UTF-8"?>
<!-- Generated by org.testng.reporters.JUnitReportReporter -->
<testsuite skipped="0" hostname="Victors-MacBook-Air.local" name="com.romanceabroad.ui.BlogTests" tests="1" failures="0" timestamp="2021-01-03T18:06:09 CST" time="116.840" errors="0">
  <testcase name="testBlogLink" time="116.840" classname="com.romanceabroad.ui.BlogTests"/>
  <system-out/>
</testsuite> <!-- com.romanceabroad.ui.BlogTests -->
