<?xml version="1.0" encoding="UTF-8"?>
<!-- Generated by org.testng.reporters.JUnitReportReporter -->
<testsuite skipped="0" hostname="Victors-MacBook-Air.local" name="com.romanceabroad.ui.SignInTests" tests="2" failures="0" timestamp="2021-01-03T18:06:09 CST" time="18.993" errors="0">
  <testcase name="testSignInFillInLoginPassword" time="9.413" classname="com.romanceabroad.ui.SignInTests"/>
  <system-out/>
  <testcase name="testSignInFillInLoginPassword" time="9.580" classname="com.romanceabroad.ui.SignInTests"/>
  <system-out/>
</testsuite> <!-- com.romanceabroad.ui.SignInTests -->
