<?xml version="1.0" encoding="UTF-8"?>
<!-- Generated by org.testng.reporters.JUnitReportReporter -->
<testsuite skipped="0" hostname="Victors-MacBook-Air.local" name="com.romanceabroad.ui.RegistrationTests" tests="4" failures="0" timestamp="2021-01-03T18:06:09 CST" time="39.966" errors="0">
  <testcase name="testFillInformationRegistrationPage" time="11.320" classname="com.romanceabroad.ui.RegistrationTests"/>
  <system-out/>
  <testcase name="testFillInformationRegistrationPage" time="6.945" classname="com.romanceabroad.ui.RegistrationTests"/>
  <system-out/>
  <testcase name="testFillInformationRegistrationPage" time="10.086" classname="com.romanceabroad.ui.RegistrationTests"/>
  <system-out/>
  <testcase name="testFillInformationRegistrationPage" time="11.615" classname="com.romanceabroad.ui.RegistrationTests"/>
  <system-out/>
</testsuite> <!-- com.romanceabroad.ui.RegistrationTests -->
