<?xml version="1.0" encoding="UTF-8"?>
<!-- Generated by org.testng.reporters.JUnitReportReporter -->
<testsuite skipped="0" hostname="Victors-MacBook-Air.local" name="com.romanceabroad.ui.MainTests" tests="3" failures="0" timestamp="2021-01-03T18:06:09 CST" time="25.419" errors="0">
  <testcase name="testYoutubePlayButtonTestCase9" time="10.796" classname="com.romanceabroad.ui.MainTests"/>
  <system-out/>
  <testcase name="testCheckCountTitlesTestCase10" time="7.818" classname="com.romanceabroad.ui.MainTests"/>
  <system-out/>
  <testcase name="testCheckMainTitlesTestCase11" time="6.805" classname="com.romanceabroad.ui.MainTests"/>
  <system-out/>
</testsuite> <!-- com.romanceabroad.ui.MainTests -->
