<?xml version="1.0" encoding="UTF-8"?>
<!-- Generated by org.testng.reporters.JUnitReportReporter -->
<testsuite skipped="0" hostname="Victors-MacBook-Air.local" name="com.romanceabroad.ui.PhotosTests" tests="3" failures="0" timestamp="2021-01-03T18:06:09 CST" time="32.558" errors="0">
  <testcase name="testPhotosLink" time="11.578" classname="com.romanceabroad.ui.PhotosTests"/>
  <system-out/>
  <testcase name="testClickButtonAddPhoto" time="10.070" classname="com.romanceabroad.ui.PhotosTests"/>
  <system-out/>
  <testcase name="testTabs" time="10.910" classname="com.romanceabroad.ui.PhotosTests"/>
  <system-out/>
</testsuite> <!-- com.romanceabroad.ui.PhotosTests -->
