<?xml version="1.0" encoding="UTF-8"?>
<!-- Generated by org.testng.reporters.JUnitReportReporter -->
<testsuite skipped="0" hostname="Victors-MacBook-Air.local" name="com.romanceabroad.ui.TourToUkraineTests" tests="1" failures="0" timestamp="2021-01-03T18:06:09 CST" time="9.421" errors="0">
  <testcase name="testTourToUkraineLink" time="9.421" classname="com.romanceabroad.ui.TourToUkraineTests"/>
  <system-out/>
</testsuite> <!-- com.romanceabroad.ui.TourToUkraineTests -->
