<?xml version="1.0" encoding="UTF-8"?>
<!-- Generated by org.testng.reporters.JUnitReportReporter -->
<testsuite skipped="0" hostname="Victors-MacBook-Air.local" name="com.romanceabroad.ui.BlogTests" tests="1" failures="0" timestamp="2020-12-29T19:41:00 CST" time="47.434" errors="0">
  <testcase name="testBlogLink" time="47.434" classname="com.romanceabroad.ui.BlogTests"/>
  <system-out/>
</testsuite> <!-- com.romanceabroad.ui.BlogTests -->
