<?xml version="1.0" encoding="UTF-8"?>
<!-- Generated by org.testng.reporters.JUnitReportReporter -->
<testsuite skipped="0" hostname="Victors-MacBook-Air.local" name="com.romanceabroad.ui.BlogTests" tests="1" failures="0" timestamp="2020-12-28T14:59:45 CST" time="39.538" errors="0">
  <testcase name="testBlogLink" time="39.538" classname="com.romanceabroad.ui.BlogTests"/>
  <system-out/>
</testsuite> <!-- com.romanceabroad.ui.BlogTests -->
