<?xml version="1.0" encoding="UTF-8"?>
<!-- Generated by org.testng.reporters.JUnitReportReporter -->
<testsuite skipped="0" hostname="Victors-MacBook-Air.local" name="com.romanceabroad.ui.GiftsTests" tests="1" failures="0" timestamp="2021-01-07T11:09:15 CST" time="19.414" errors="0">
  <testcase name="testGiftsLink" time="19.414" classname="com.romanceabroad.ui.GiftsTests"/>
  <system-out/>
</testsuite> <!-- com.romanceabroad.ui.GiftsTests -->
